<?xml version="1.0" encoding="UTF-8"?>
<!-- Generated by org.testng.reporters.JUnitXMLReporter -->
<testsuite hostname="DELL-PC" ignored="0" name="Test" tests="6" failures="0" timestamp="05 Mar 2020 13:54:28 GMT" time="0.141" errors="0">
  <testcase name="d" time="0.047" classname="LackSmartLogIn.NewTest3"/>
  <testcase name="e" time="0.0" classname="LackSmartLogIn.NewTest3"/>
  <testcase name="f" time="0.0" classname="LackSmartLogIn.NewTest3"/>
  <testcase name="c" time="0.0" classname="LackSmartLogIn.NewTest1"/>
  <testcase name="a" time="0.0" classname="LackSmartLogIn.NewTest"/>
  <testcase name="b" time="0.001" classname="LackSmartLogIn.NewTest"/>
</testsuite> <!-- Test -->
