<?xml version="1.0" encoding="UTF-8"?>
<testng-results skipped="0" failed="0" ignored="0" total="6" passed="6">
  <reporter-output>
  </reporter-output>
  <suite name="Suite" duration-ms="141" started-at="2020-03-05T13:54:28Z" finished-at="2020-03-05T13:54:28Z">
    <groups>
    </groups>
    <test name="Test" duration-ms="141" started-at="2020-03-05T13:54:28Z" finished-at="2020-03-05T13:54:28Z">
      <class name="LackSmartLogIn.NewTest">
        <test-method status="PASS" signature="a()[pri:0, instance:LackSmartLogIn.NewTest@1629756]" name="a" duration-ms="0" started-at="2020-03-05T13:54:28Z" finished-at="2020-03-05T13:54:28Z">
          <reporter-output>
          </reporter-output>
        </test-method> <!-- a -->
        <test-method status="PASS" signature="afterMethod()[pri:0, instance:LackSmartLogIn.NewTest@1629756]" name="afterMethod" is-config="true" duration-ms="0" started-at="2020-03-05T13:54:28Z" finished-at="2020-03-05T13:54:28Z">
          <reporter-output>
          </reporter-output>
        </test-method> <!-- afterMethod -->
        <test-method status="PASS" signature="beforeMethod()[pri:0, instance:LackSmartLogIn.NewTest@1629756]" name="beforeMethod" is-config="true" duration-ms="0" started-at="2020-03-05T13:54:28Z" finished-at="2020-03-05T13:54:28Z">
          <reporter-output>
          </reporter-output>
        </test-method> <!-- beforeMethod -->
        <test-method status="PASS" signature="beforeClass()[pri:0, instance:LackSmartLogIn.NewTest@1629756]" name="beforeClass" is-config="true" duration-ms="0" started-at="2020-03-05T13:54:28Z" finished-at="2020-03-05T13:54:28Z">
          <reporter-output>
          </reporter-output>
        </test-method> <!-- beforeClass -->
        <test-method status="PASS" signature="b()[pri:0, instance:LackSmartLogIn.NewTest@1629756]" name="b" duration-ms="1" started-at="2020-03-05T13:54:28Z" finished-at="2020-03-05T13:54:28Z">
          <reporter-output>
          </reporter-output>
        </test-method> <!-- b -->
        <test-method status="PASS" signature="beforeMethod()[pri:0, instance:LackSmartLogIn.NewTest@1629756]" name="beforeMethod" is-config="true" duration-ms="0" started-at="2020-03-05T13:54:28Z" finished-at="2020-03-05T13:54:28Z">
          <reporter-output>
          </reporter-output>
        </test-method> <!-- beforeMethod -->
        <test-method status="PASS" signature="afterClass()[pri:0, instance:LackSmartLogIn.NewTest@1629756]" name="afterClass" is-config="true" duration-ms="0" started-at="2020-03-05T13:54:28Z" finished-at="2020-03-05T13:54:28Z">
          <reporter-output>
          </reporter-output>
        </test-method> <!-- afterClass -->
        <test-method status="PASS" signature="afterMethod()[pri:0, instance:LackSmartLogIn.NewTest@1629756]" name="afterMethod" is-config="true" duration-ms="0" started-at="2020-03-05T13:54:28Z" finished-at="2020-03-05T13:54:28Z">
          <reporter-output>
          </reporter-output>
        </test-method> <!-- afterMethod -->
      </class> <!-- LackSmartLogIn.NewTest -->
      <class name="LackSmartLogIn.NewTest1">
        <test-method status="PASS" signature="c()[pri:0, instance:LackSmartLogIn.NewTest1@19a81e8]" name="c" duration-ms="0" started-at="2020-03-05T13:54:28Z" finished-at="2020-03-05T13:54:28Z">
          <reporter-output>
          </reporter-output>
        </test-method> <!-- c -->
      </class> <!-- LackSmartLogIn.NewTest1 -->
      <class name="LackSmartLogIn.NewTest3">
        <test-method status="PASS" signature="d()[pri:0, instance:LackSmartLogIn.NewTest3@1081592]" name="d" duration-ms="47" started-at="2020-03-05T13:54:28Z" finished-at="2020-03-05T13:54:28Z">
          <reporter-output>
          </reporter-output>
        </test-method> <!-- d -->
        <test-method status="PASS" signature="f()[pri:0, instance:LackSmartLogIn.NewTest3@1081592]" name="f" duration-ms="0" started-at="2020-03-05T13:54:28Z" finished-at="2020-03-05T13:54:28Z">
          <reporter-output>
          </reporter-output>
        </test-method> <!-- f -->
        <test-method status="PASS" signature="e()[pri:0, instance:LackSmartLogIn.NewTest3@1081592]" name="e" duration-ms="0" started-at="2020-03-05T13:54:28Z" finished-at="2020-03-05T13:54:28Z">
          <reporter-output>
          </reporter-output>
        </test-method> <!-- e -->
      </class> <!-- LackSmartLogIn.NewTest3 -->
    </test> <!-- Test -->
  </suite> <!-- Suite -->
</testng-results>
